[2017-09-07 19:23:47] Текст ошибки: Контроллер app\controllers\admin\MainController не найден | Файл: D:\WebServer\domains\ishop2.loc\vendor\ishop\core\Router.php | Строка: 36
=================
[2017-09-07 19:23:47] Текст ошибки: Страница не найдена | Файл: D:\WebServer\domains\ishop2.loc\vendor\ishop\core\Router.php | Строка: 39
=================
[2017-09-07 19:23:47] Текст ошибки: Страница не найдена | Файл: D:\WebServer\domains\ishop2.loc\vendor\ishop\core\Router.php | Строка: 39
=================
[2017-09-07 19:26:12] Текст ошибки: Контроллер app\controllers\admin\MainController не найден | Файл: D:\WebServer\domains\ishop2.loc\vendor\ishop\core\Router.php | Строка: 36
=================
[2017-09-07 19:44:08] Текст ошибки: Страница не найдена | Файл: D:\WebServer\domains\ishop2.loc\vendor\ishop\core\Router.php | Строка: 39
=================
[2017-09-07 19:44:08] Текст ошибки: Страница не найдена | Файл: D:\WebServer\domains\ishop2.loc\vendor\ishop\core\Router.php | Строка: 39
=================
[2017-09-07 19:44:08] Текст ошибки: Страница не найдена | Файл: D:\WebServer\domains\ishop2.loc\vendor\ishop\core\Router.php | Строка: 39
=================
[2017-09-07 19:44:08] Текст ошибки: Страница не найдена | Файл: D:\WebServer\domains\ishop2.loc\vendor\ishop\core\Router.php | Строка: 39
=================
[2017-09-07 19:44:08] Текст ошибки: Страница не найдена | Файл: D:\WebServer\domains\ishop2.loc\vendor\ishop\core\Router.php | Строка: 39
=================
[2017-09-07 19:44:08] Текст ошибки: Страница не найдена | Файл: D:\WebServer\domains\ishop2.loc\vendor\ishop\core\Router.php | Строка: 39
=================
[2017-09-07 19:44:08] Текст ошибки: Страница не найдена | Файл: D:\WebServer\domains\ishop2.loc\vendor\ishop\core\Router.php | Строка: 39
=================
[2017-09-07 19:44:08] Текст ошибки: Страница не найдена | Файл: D:\WebServer\domains\ishop2.loc\vendor\ishop\core\Router.php | Строка: 39
=================
[2017-09-07 19:44:08] Текст ошибки: Страница не найдена | Файл: D:\WebServer\domains\ishop2.loc\vendor\ishop\core\Router.php | Строка: 39
=================
[2017-09-07 19:44:08] Текст ошибки: Страница не найдена | Файл: D:\WebServer\domains\ishop2.loc\vendor\ishop\core\Router.php | Строка: 39
=================
[2017-09-07 19:44:08] Текст ошибки: Страница не найдена | Файл: D:\WebServer\domains\ishop2.loc\vendor\ishop\core\Router.php | Строка: 39
=================
[2017-09-07 19:44:08] Текст ошибки: Страница не найдена | Файл: D:\WebServer\domains\ishop2.loc\vendor\ishop\core\Router.php | Строка: 39
=================
[2017-09-07 19:44:08] Текст ошибки: Страница не найдена | Файл: D:\WebServer\domains\ishop2.loc\vendor\ishop\core\Router.php | Строка: 39
=================
[2017-09-07 19:44:08] Текст ошибки: Страница не найдена | Файл: D:\WebServer\domains\ishop2.loc\vendor\ishop\core\Router.php | Строка: 39
=================
[2017-09-07 19:44:08] Текст ошибки: Страница не найдена | Файл: D:\WebServer\domains\ishop2.loc\vendor\ishop\core\Router.php | Строка: 39
=================
[2017-09-07 19:44:08] Текст ошибки: Страница не найдена | Файл: D:\WebServer\domains\ishop2.loc\vendor\ishop\core\Router.php | Строка: 39
=================
[2017-09-07 19:44:08] Текст ошибки: Страница не найдена | Файл: D:\WebServer\domains\ishop2.loc\vendor\ishop\core\Router.php | Строка: 39
=================
[2017-09-07 19:44:08] Текст ошибки: Страница не найдена | Файл: D:\WebServer\domains\ishop2.loc\vendor\ishop\core\Router.php | Строка: 39
=================
[2017-09-07 19:44:08] Текст ошибки: Страница не найдена | Файл: D:\WebServer\domains\ishop2.loc\vendor\ishop\core\Router.php | Строка: 39
=================
[2017-09-07 19:44:08] Текст ошибки: Страница не найдена | Файл: D:\WebServer\domains\ishop2.loc\vendor\ishop\core\Router.php | Строка: 39
=================
[2017-09-07 19:44:08] Текст ошибки: Страница не найдена | Файл: D:\WebServer\domains\ishop2.loc\vendor\ishop\core\Router.php | Строка: 39
=================
[2017-09-07 19:44:08] Текст ошибки: Страница не найдена | Файл: D:\WebServer\domains\ishop2.loc\vendor\ishop\core\Router.php | Строка: 39
=================
[2017-09-07 19:44:08] Текст ошибки: Страница не найдена | Файл: D:\WebServer\domains\ishop2.loc\vendor\ishop\core\Router.php | Строка: 39
=================
[2017-09-07 19:44:08] Текст ошибки: Страница не найдена | Файл: D:\WebServer\domains\ishop2.loc\vendor\ishop\core\Router.php | Строка: 39
=================
[2017-09-07 19:44:08] Текст ошибки: Страница не найдена | Файл: D:\WebServer\domains\ishop2.loc\vendor\ishop\core\Router.php | Строка: 39
=================
[2017-09-07 19:44:08] Текст ошибки: Страница не найдена | Файл: D:\WebServer\domains\ishop2.loc\vendor\ishop\core\Router.php | Строка: 39
=================
[2017-09-07 19:44:08] Текст ошибки: Страница не найдена | Файл: D:\WebServer\domains\ishop2.loc\vendor\ishop\core\Router.php | Строка: 39
=================
[2017-09-07 19:44:08] Текст ошибки: Страница не найдена | Файл: D:\WebServer\domains\ishop2.loc\vendor\ishop\core\Router.php | Строка: 39
=================
[2017-09-07 19:44:08] Текст ошибки: Страница не найдена | Файл: D:\WebServer\domains\ishop2.loc\vendor\ishop\core\Router.php | Строка: 39
=================
[2017-09-07 19:44:08] Текст ошибки: Страница не найдена | Файл: D:\WebServer\domains\ishop2.loc\vendor\ishop\core\Router.php | Строка: 39
=================
[2017-09-07 19:44:08] Текст ошибки: Страница не найдена | Файл: D:\WebServer\domains\ishop2.loc\vendor\ishop\core\Router.php | Строка: 39
=================
[2017-09-07 19:44:08] Текст ошибки: Страница не найдена | Файл: D:\WebServer\domains\ishop2.loc\vendor\ishop\core\Router.php | Строка: 39
=================
[2017-09-07 19:44:08] Текст ошибки: Страница не найдена | Файл: D:\WebServer\domains\ishop2.loc\vendor\ishop\core\Router.php | Строка: 39
=================
[2017-09-07 19:44:08] Текст ошибки: Страница не найдена | Файл: D:\WebServer\domains\ishop2.loc\vendor\ishop\core\Router.php | Строка: 39
=================
[2017-09-07 19:44:08] Текст ошибки: Страница не найдена | Файл: D:\WebServer\domains\ishop2.loc\vendor\ishop\core\Router.php | Строка: 39
=================
[2017-09-07 19:44:08] Текст ошибки: Страница не найдена | Файл: D:\WebServer\domains\ishop2.loc\vendor\ishop\core\Router.php | Строка: 39
=================
[2017-09-07 19:44:08] Текст ошибки: Страница не найдена | Файл: D:\WebServer\domains\ishop2.loc\vendor\ishop\core\Router.php | Строка: 39
=================
[2017-09-07 19:44:08] Текст ошибки: Страница не найдена | Файл: D:\WebServer\domains\ishop2.loc\vendor\ishop\core\Router.php | Строка: 39
=================
[2017-09-07 19:44:08] Текст ошибки: Страница не найдена | Файл: D:\WebServer\domains\ishop2.loc\vendor\ishop\core\Router.php | Строка: 39
=================
[2017-09-07 19:44:08] Текст ошибки: Страница не найдена | Файл: D:\WebServer\domains\ishop2.loc\vendor\ishop\core\Router.php | Строка: 39
=================
[2017-09-07 19:44:08] Текст ошибки: Страница не найдена | Файл: D:\WebServer\domains\ishop2.loc\vendor\ishop\core\Router.php | Строка: 39
=================
[2017-09-07 19:44:08] Текст ошибки: Страница не найдена | Файл: D:\WebServer\domains\ishop2.loc\vendor\ishop\core\Router.php | Строка: 39
=================
[2017-09-07 19:44:08] Текст ошибки: Страница не найдена | Файл: D:\WebServer\domains\ishop2.loc\vendor\ishop\core\Router.php | Строка: 39
=================
[2017-09-07 19:44:08] Текст ошибки: Страница не найдена | Файл: D:\WebServer\domains\ishop2.loc\vendor\ishop\core\Router.php | Строка: 39
=================
[2017-09-07 19:44:08] Текст ошибки: Страница не найдена | Файл: D:\WebServer\domains\ishop2.loc\vendor\ishop\core\Router.php | Строка: 39
=================
[2017-09-07 19:44:09] Текст ошибки: Страница не найдена | Файл: D:\WebServer\domains\ishop2.loc\vendor\ishop\core\Router.php | Строка: 39
=================
[2017-09-07 19:44:09] Текст ошибки: Страница не найдена | Файл: D:\WebServer\domains\ishop2.loc\vendor\ishop\core\Router.php | Строка: 39
=================
[2017-09-07 19:44:09] Текст ошибки: Страница не найдена | Файл: D:\WebServer\domains\ishop2.loc\vendor\ishop\core\Router.php | Строка: 39
=================
[2017-09-09 08:25:55] Текст ошибки: Страница не найдена | Файл: D:\WebServer\domains\ishop2.loc\vendor\ishop\core\Router.php | Строка: 39
=================
[2017-09-09 08:25:55] Текст ошибки: Страница не найдена | Файл: D:\WebServer\domains\ishop2.loc\vendor\ishop\core\Router.php | Строка: 39
=================
[2017-09-09 08:29:04] Текст ошибки: Страница не найдена | Файл: D:\WebServer\domains\ishop2.loc\vendor\ishop\core\Router.php | Строка: 39
=================
[2017-09-09 08:53:54] Текст ошибки: Страница не найдена | Файл: D:\WebServer\domains\ishop2.loc\vendor\ishop\core\Router.php | Строка: 39
=================
[2017-09-09 08:53:54] Текст ошибки: Страница не найдена | Файл: D:\WebServer\domains\ishop2.loc\vendor\ishop\core\Router.php | Строка: 39
=================
[2017-09-09 08:53:54] Текст ошибки: Страница не найдена | Файл: D:\WebServer\domains\ishop2.loc\vendor\ishop\core\Router.php | Строка: 39
=================
[2017-09-09 08:53:54] Текст ошибки: Страница не найдена | Файл: D:\WebServer\domains\ishop2.loc\vendor\ishop\core\Router.php | Строка: 39
=================
[2017-09-09 08:53:54] Текст ошибки: Страница не найдена | Файл: D:\WebServer\domains\ishop2.loc\vendor\ishop\core\Router.php | Строка: 39
=================
[2017-09-09 08:55:43] Текст ошибки: Страница не найдена | Файл: D:\WebServer\domains\ishop2.loc\vendor\ishop\core\Router.php | Строка: 39
=================
[2017-09-09 08:55:43] Текст ошибки: Страница не найдена | Файл: D:\WebServer\domains\ishop2.loc\vendor\ishop\core\Router.php | Строка: 39
=================
[2017-09-09 08:55:43] Текст ошибки: Страница не найдена | Файл: D:\WebServer\domains\ishop2.loc\vendor\ishop\core\Router.php | Строка: 39
=================
[2017-09-09 08:55:43] Текст ошибки: Страница не найдена | Файл: D:\WebServer\domains\ishop2.loc\vendor\ishop\core\Router.php | Строка: 39
=================
[2017-09-09 08:55:44] Текст ошибки: Страница не найдена | Файл: D:\WebServer\domains\ishop2.loc\vendor\ishop\core\Router.php | Строка: 39
=================
[2017-09-09 09:05:33] Текст ошибки: Контроллер app\controllers\admin\OrderController не найден | Файл: D:\WebServer\domains\ishop2.loc\vendor\ishop\core\Router.php | Строка: 36
=================
[2017-09-09 09:17:47] Текст ошибки: Контроллер app\controllers\admin\OrderController не найден | Файл: D:\WebServer\domains\ishop2.loc\vendor\ishop\core\Router.php | Строка: 36
=================
[2017-09-09 09:17:53] Текст ошибки: Контроллер app\controllers\admin\OrderController не найден | Файл: D:\WebServer\domains\ishop2.loc\vendor\ishop\core\Router.php | Строка: 36
=================
[2017-09-09 11:34:53] Текст ошибки: Страница не найдена | Файл: D:\WebServer\domains\ishop2.loc\vendor\ishop\core\Router.php | Строка: 39
=================
[2017-09-09 11:34:53] Текст ошибки: Страница не найдена | Файл: D:\WebServer\domains\ishop2.loc\vendor\ishop\core\Router.php | Строка: 39
=================
[2017-09-09 11:36:56] Текст ошибки: Метод app\controllers\admin\OrderController::viewAction не найден | Файл: D:\WebServer\domains\ishop2.loc\vendor\ishop\core\Router.php | Строка: 33
=================
[2017-09-09 11:42:31] Текст ошибки: Страница не найдена | Файл: D:\WebServer\domains\ishop2.loc\app\controllers\admin\AppController.php | Строка: 29
=================
[2017-09-09 12:28:34] Текст ошибки: Метод app\controllers\admin\OrderController::deleteAction не найден | Файл: D:\WebServer\domains\ishop2.loc\vendor\ishop\core\Router.php | Строка: 33
=================
[2017-09-09 14:04:55] Текст ошибки: Страница не найдена | Файл: D:\WebServer\domains\ishop2.loc\vendor\ishop\core\Router.php | Строка: 39
=================
[2017-09-09 14:04:55] Текст ошибки: Страница не найдена | Файл: D:\WebServer\domains\ishop2.loc\vendor\ishop\core\Router.php | Строка: 39
=================
[2017-09-09 15:37:39] Текст ошибки: Страница не найдена | Файл: D:\WebServer\domains\ishop2.loc\vendor\ishop\core\Router.php | Строка: 39
=================
[2017-09-09 15:37:39] Текст ошибки: Страница не найдена | Файл: D:\WebServer\domains\ishop2.loc\vendor\ishop\core\Router.php | Строка: 39
=================
[2017-09-10 08:58:27] Текст ошибки: Страница не найдена | Файл: D:\WebServer\domains\ishop2.loc\vendor\ishop\core\Router.php | Строка: 39
=================
[2017-09-10 08:58:27] Текст ошибки: Страница не найдена | Файл: D:\WebServer\domains\ishop2.loc\vendor\ishop\core\Router.php | Строка: 39
=================
[2017-09-10 09:55:00] Текст ошибки: SQLSTATE[42000]: Syntax error or access violation: 1064 You have an error in your SQL syntax; check the manual that corresponds to your MySQL server version for the right syntax to use near '(SUM(`order_product`.`price`), 2) AS `sum` FROM `order`
  JOIN `order_product` ' at line 1 | Файл: D:\WebServer\domains\ishop2.loc\vendor\gabordemooij\redbean\RedBeanPHP\Driver\RPDO.php | Строка: 186
=================
[2017-09-10 11:39:55] Текст ошибки: Страница не найдена | Файл: D:\WebServer\domains\ishop2.loc\vendor\ishop\core\Router.php | Строка: 39
=================
[2017-09-10 15:34:36] Текст ошибки: Страница не найдена | Файл: D:\WebServer\domains\ishop2.loc\vendor\ishop\core\Router.php | Строка: 39
=================
[2017-09-10 15:34:36] Текст ошибки: Страница не найдена | Файл: D:\WebServer\domains\ishop2.loc\vendor\ishop\core\Router.php | Строка: 39
=================
[2017-09-11 18:56:22] Текст ошибки: Страница не найдена | Файл: D:\WebServer\domains\ishop2.loc\vendor\ishop\core\Router.php | Строка: 39
=================
[2017-09-11 19:01:40] Текст ошибки: SQLSTATE[23000]: Integrity constraint violation: 1062 Duplicate entry '' for key 'alias' | Файл: D:\WebServer\domains\ishop2.loc\vendor\gabordemooij\redbean\RedBeanPHP\Driver\RPDO.php | Строка: 186
=================
[2017-09-11 19:18:45] Текст ошибки: Страница не найдена | Файл: D:\WebServer\domains\ishop2.loc\vendor\ishop\core\Router.php | Строка: 39
=================
[2017-09-11 19:46:18] Текст ошибки: Страница не найдена | Файл: D:\WebServer\domains\ishop2.loc\vendor\ishop\core\Router.php | Строка: 39
=================
[2017-09-12 19:13:23] Текст ошибки: Страница не найдена | Файл: D:\WebServer\domains\ishop2.loc\vendor\ishop\core\Router.php | Строка: 39
=================
[2017-09-12 19:13:24] Текст ошибки: Страница не найдена | Файл: D:\WebServer\domains\ishop2.loc\vendor\ishop\core\Router.php | Строка: 39
=================
[2017-09-12 19:34:52] Текст ошибки: Метод app\controllers\admin\ProductController::relatedProductAction не найден | Файл: D:\WebServer\domains\ishop2.loc\vendor\ishop\core\Router.php | Строка: 33
=================
[2017-09-12 19:36:37] Текст ошибки: Метод app\controllers\admin\ProductController::relatedProductAction не найден | Файл: D:\WebServer\domains\ishop2.loc\vendor\ishop\core\Router.php | Строка: 33
=================
[2017-09-12 19:36:40] Текст ошибки: Метод app\controllers\admin\ProductController::relatedProductAction не найден | Файл: D:\WebServer\domains\ishop2.loc\vendor\ishop\core\Router.php | Строка: 33
=================
[2017-09-12 19:36:49] Текст ошибки: Метод app\controllers\admin\ProductController::relatedProductAction не найден | Файл: D:\WebServer\domains\ishop2.loc\vendor\ishop\core\Router.php | Строка: 33
=================
[2017-09-12 19:37:08] Текст ошибки: Метод app\controllers\admin\ProductController::relatedProductAction не найден | Файл: D:\WebServer\domains\ishop2.loc\vendor\ishop\core\Router.php | Строка: 33
=================
[2017-09-12 19:37:21] Текст ошибки: Метод app\controllers\admin\ProductController::relatedProductAction не найден | Файл: D:\WebServer\domains\ishop2.loc\vendor\ishop\core\Router.php | Строка: 33
=================
[2017-09-12 19:37:42] Текст ошибки: Метод app\controllers\admin\ProductController::relatedProductAction не найден | Файл: D:\WebServer\domains\ishop2.loc\vendor\ishop\core\Router.php | Строка: 33
=================
[2017-09-13 18:35:25] Текст ошибки: Страница не найдена | Файл: D:\WebServer\domains\ishop2.loc\vendor\ishop\core\Router.php | Строка: 39
=================
[2017-09-13 18:35:25] Текст ошибки: Страница не найдена | Файл: D:\WebServer\domains\ishop2.loc\vendor\ishop\core\Router.php | Строка: 39
=================
[2017-09-13 19:00:45] Текст ошибки: Страница не найдена | Файл: D:\WebServer\domains\ishop2.loc\vendor\ishop\core\Router.php | Строка: 39
=================
[2017-09-13 19:00:45] Текст ошибки: Страница не найдена | Файл: D:\WebServer\domains\ishop2.loc\vendor\ishop\core\Router.php | Строка: 39
=================
[2017-09-13 19:00:45] Текст ошибки: Страница не найдена | Файл: D:\WebServer\domains\ishop2.loc\vendor\ishop\core\Router.php | Строка: 39
=================
[2017-09-13 19:00:45] Текст ошибки: Страница не найдена | Файл: D:\WebServer\domains\ishop2.loc\vendor\ishop\core\Router.php | Строка: 39
=================
[2017-09-13 19:00:45] Текст ошибки: Страница не найдена | Файл: D:\WebServer\domains\ishop2.loc\vendor\ishop\core\Router.php | Строка: 39
=================
[2017-09-13 19:00:45] Текст ошибки: Страница не найдена | Файл: D:\WebServer\domains\ishop2.loc\vendor\ishop\core\Router.php | Строка: 39
=================
[2017-09-13 19:00:45] Текст ошибки: Страница не найдена | Файл: D:\WebServer\domains\ishop2.loc\vendor\ishop\core\Router.php | Строка: 39
=================
[2017-09-13 19:00:45] Текст ошибки: Страница не найдена | Файл: D:\WebServer\domains\ishop2.loc\vendor\ishop\core\Router.php | Строка: 39
=================
[2017-09-13 19:05:22] Текст ошибки: Метод app\controllers\admin\ProductController::addImageAction не найден | Файл: D:\WebServer\domains\ishop2.loc\vendor\ishop\core\Router.php | Строка: 33
=================
[2017-09-13 19:05:53] Текст ошибки: Метод app\controllers\admin\ProductController::addImageAction не найден | Файл: D:\WebServer\domains\ishop2.loc\vendor\ishop\core\Router.php | Строка: 33
=================
[2017-09-13 19:07:33] Текст ошибки: На найден вид D:\WebServer\domains\ishop2.loc/app/views/admin\Product/add-image.php | Файл: D:\WebServer\domains\ishop2.loc\vendor\ishop\core\base\View.php | Строка: 38
=================
[2017-09-16 11:06:59] Текст ошибки: Страница не найдена | Файл: D:\WebServer\domains\ishop2.loc\vendor\ishop\core\Router.php | Строка: 39
=================
[2017-09-16 11:06:59] Текст ошибки: Страница не найдена | Файл: D:\WebServer\domains\ishop2.loc\vendor\ishop\core\Router.php | Строка: 39
=================
[2017-09-16 11:59:22] Текст ошибки: Страница не найдена | Файл: D:\WebServer\domains\ishop2.loc\app\controllers\admin\AppController.php | Строка: 29
=================
[2017-09-16 11:59:51] Текст ошибки: Страница не найдена | Файл: D:\WebServer\domains\ishop2.loc\app\controllers\admin\AppController.php | Строка: 29
=================
[2017-09-16 12:17:25] Текст ошибки: Страница не найдена | Файл: D:\WebServer\domains\ishop2.loc\app\controllers\ProductController.php | Строка: 14
=================
[2017-09-16 12:17:29] Текст ошибки: Страница не найдена | Файл: D:\WebServer\domains\ishop2.loc\app\controllers\ProductController.php | Строка: 14
=================
[2017-09-16 12:17:58] Текст ошибки: Страница не найдена | Файл: D:\WebServer\domains\ishop2.loc\app\controllers\ProductController.php | Строка: 14
=================
[2017-09-16 12:33:58] Текст ошибки: Страница не найдена | Файл: D:\WebServer\domains\ishop2.loc\app\controllers\ProductController.php | Строка: 14
=================
[2017-09-16 12:34:10] Текст ошибки: Страница не найдена | Файл: D:\WebServer\domains\ishop2.loc\app\controllers\ProductController.php | Строка: 14
=================
[2017-09-16 14:33:17] Текст ошибки: Страница не найдена | Файл: D:\WebServer\domains\ishop2.loc\vendor\ishop\core\Router.php | Строка: 39
=================
[2017-09-16 14:33:17] Текст ошибки: Страница не найдена | Файл: D:\WebServer\domains\ishop2.loc\vendor\ishop\core\Router.php | Строка: 39
=================
[2017-09-16 15:00:10] Текст ошибки: Invalid type: attribute_group | Файл: D:\WebServer\domains\ishop2.loc\vendor\gabordemooij\redbean\RedBeanPHP\Util\DispenseHelper.php | Строка: 37
=================
[2017-09-16 15:06:26] Текст ошибки: Plugin 'xdispense' does not exist, add this plugin using: R::ext('xdispense') | Файл: D:\WebServer\domains\ishop2.loc\vendor\gabordemooij\redbean\RedBeanPHP\Facade.php | Строка: 2004
=================
[2017-09-16 15:12:41] Текст ошибки: На найден вид D:\WebServer\domains\ishop2.loc/app/views/admin\Filter/attribute.php | Файл: D:\WebServer\domains\ishop2.loc\vendor\ishop\core\base\View.php | Строка: 38
=================
[2017-09-16 15:12:47] Текст ошибки: На найден вид D:\WebServer\domains\ishop2.loc/app/views/admin\Filter/attribute.php | Файл: D:\WebServer\domains\ishop2.loc\vendor\ishop\core\base\View.php | Строка: 38
=================
[2017-09-16 18:15:24] Текст ошибки: Страница не найдена | Файл: D:\WebServer\domains\ishop2.loc\vendor\ishop\core\Router.php | Строка: 39
=================
[2017-09-16 18:47:39] Текст ошибки: Метод app\controllers\admin\ProductController::deleteAction не найден | Файл: D:\WebServer\domains\ishop2.loc\vendor\ishop\core\Router.php | Строка: 33
=================
[2021-12-13 23:20:56] Текст ошибки: Нет соединения с БД | Файл: D:\OpenServer\domains\shop\vendor\ishop\core\Db.php | Строка: 14
=================
[2021-12-13 23:20:56] Текст ошибки: Страница не найдена | Файл: D:\OpenServer\domains\shop\vendor\ishop\core\Router.php | Строка: 39
=================
[2021-12-13 23:21:16] Текст ошибки: Нет соединения с БД | Файл: D:\OpenServer\domains\shop\vendor\ishop\core\Db.php | Строка: 14
=================
[2021-12-13 23:21:16] Текст ошибки: Нет соединения с БД | Файл: D:\OpenServer\domains\shop\vendor\ishop\core\Db.php | Строка: 14
=================
[2021-12-13 23:21:16] Текст ошибки: Страница не найдена | Файл: D:\OpenServer\domains\shop\vendor\ishop\core\Router.php | Строка: 39
=================
[2021-12-13 23:25:03] Текст ошибки: Нет соединения с БД | Файл: D:\OpenServer\domains\shop\vendor\ishop\core\Db.php | Строка: 14
=================
[2021-12-13 23:30:35] Текст ошибки: Нет соединения с БД | Файл: D:\OpenServer\domains\shop\vendor\ishop\core\Db.php | Строка: 14
=================
[2021-12-13 23:30:35] Текст ошибки: Страница не найдена | Файл: D:\OpenServer\domains\shop\vendor\ishop\core\Router.php | Строка: 39
=================
[2021-12-13 23:44:50] Текст ошибки: Failed to authenticate on SMTP server with username "testishop2@ukr.net" using 2 possible authenticators | Файл: D:\OpenServer\domains\shop\vendor\swiftmailer\swiftmailer\lib\classes\Swift\Transport\Esmtp\AuthHandler.php | Строка: 181
=================
[2021-12-14 00:06:20] Текст ошибки: Failed to authenticate on SMTP server with username "testishop2@ukr.net" using 2 possible authenticators | Файл: D:\OpenServer\domains\shop\vendor\swiftmailer\swiftmailer\lib\classes\Swift\Transport\Esmtp\AuthHandler.php | Строка: 181
=================
[2021-12-14 00:10:23] Текст ошибки: Too few arguments to function Swift_TransportException::__construct(), 0 passed in D:\OpenServer\domains\shop\vendor\swiftmailer\swiftmailer\lib\classes\Swift\Transport\Esmtp\AuthHandler.php on line 181 and at least 1 expected | Файл: D:\OpenServer\domains\shop\vendor\swiftmailer\swiftmailer\lib\classes\Swift\TransportException.php | Строка: 25
=================
[2021-12-14 00:11:24] Текст ошибки: Too few arguments to function Swift_TransportException::__construct(), 0 passed in D:\OpenServer\domains\shop\vendor\swiftmailer\swiftmailer\lib\classes\Swift\Transport\Esmtp\AuthHandler.php on line 181 and at least 1 expected | Файл: D:\OpenServer\domains\shop\vendor\swiftmailer\swiftmailer\lib\classes\Swift\TransportException.php | Строка: 25
=================
[2021-12-14 00:20:28] Текст ошибки: Call to a member function grep() on null | Файл: D:\OpenServer\domains\shop\app\views\layouts\watches.php | Строка: 290
=================
[2021-12-14 00:20:36] Текст ошибки: Call to a member function grep() on null | Файл: D:\OpenServer\domains\shop\app\views\layouts\watches.php | Строка: 290
=================
[2021-12-14 00:20:39] Текст ошибки: Call to a member function grep() on null | Файл: D:\OpenServer\domains\shop\app\views\layouts\watches.php | Строка: 290
=================
[2021-12-14 00:20:42] Текст ошибки: Call to a member function grep() on null | Файл: D:\OpenServer\domains\shop\app\views\layouts\watches.php | Строка: 290
=================
[2021-12-14 00:21:02] Текст ошибки: Call to a member function grep() on null | Файл: D:\OpenServer\domains\shop\app\views\layouts\watches.php | Строка: 290
=================
[2021-12-14 00:29:36] Текст ошибки: Страница не найдена | Файл: D:\OpenServer\domains\shop\app\controllers\CategoryController.php | Строка: 17
=================
[2021-12-15 16:22:28] Текст ошибки: Страница не найдена | Файл: D:\OpenServer\domains\shop\vendor\ishop\core\Router.php | Строка: 39
=================
[2022-03-09 15:35:39] Текст ошибки: Страница не найдена | Файл: W:\domains\shop\vendor\ishop\core\Router.php | Строка: 39
=================
[2022-03-09 15:35:39] Текст ошибки: Страница не найдена | Файл: W:\domains\shop\vendor\ishop\core\Router.php | Строка: 39
=================
[2022-03-09 15:40:28] Текст ошибки: Метод app\controllers\ProductController::indexAction не найден | Файл: W:\domains\shop\vendor\ishop\core\Router.php | Строка: 33
=================
[2022-03-09 15:40:41] Текст ошибки: Метод app\controllers\ProductController::indexAction не найден | Файл: W:\domains\shop\vendor\ishop\core\Router.php | Строка: 33
=================
[2022-03-14 16:08:43] Текст ошибки: Контроллер app\controllers\ApiController не найден | Файл: W:\domains\shop\vendor\ishop\core\Router.php | Строка: 36
=================
[2022-03-14 16:09:13] Текст ошибки: Страница не найдена | Файл: W:\domains\shop\vendor\ishop\core\Router.php | Строка: 39
=================
[2022-03-14 16:09:36] Текст ошибки: Контроллер app\controllers\ApiController не найден | Файл: W:\domains\shop\vendor\ishop\core\Router.php | Строка: 36
=================
[2022-03-14 16:13:04] Текст ошибки: Контроллер app\controllers\ApiController не найден | Файл: W:\domains\shop\vendor\ishop\core\Router.php | Строка: 36
=================
[2022-03-14 16:13:09] Текст ошибки: Контроллер app\controllers\ApiController не найден | Файл: W:\domains\shop\vendor\ishop\core\Router.php | Строка: 36
=================
[2022-03-14 16:19:01] Текст ошибки: Контроллер app\controllers\ApiController не найден | Файл: W:\domains\shop\vendor\ishop\core\Router.php | Строка: 36
=================
[2022-03-14 16:23:15] Текст ошибки: Контроллер app\controllers\ApiController не найден | Файл: W:\domains\shop\vendor\ishop\core\Router.php | Строка: 36
=================
[2022-03-14 16:28:22] Текст ошибки: Контроллер app\controllers\ApiController не найден | Файл: W:\domains\shop\vendor\ishop\core\Router.php | Строка: 36
=================
[2022-03-14 16:28:32] Текст ошибки: Контроллер app\controllers\ApiController не найден | Файл: W:\domains\shop\vendor\ishop\core\Router.php | Строка: 36
=================
[2022-03-14 16:28:46] Текст ошибки: Контроллер app\controllers\ApiController не найден | Файл: W:\domains\shop\vendor\ishop\core\Router.php | Строка: 36
=================
[2022-03-14 16:29:15] Текст ошибки: Контроллер app\controllers\ApiController не найден | Файл: W:\domains\shop\vendor\ishop\core\Router.php | Строка: 36
=================
[2022-03-14 16:29:55] Текст ошибки: Контроллер app\controllers\ApiController не найден | Файл: W:\domains\shop\vendor\ishop\core\Router.php | Строка: 36
=================
[2022-03-14 16:35:18] Текст ошибки: Контроллер app\controllers\ApiController не найден | Файл: W:\domains\shop\vendor\ishop\core\Router.php | Строка: 36
=================
[2022-03-14 16:53:32] Текст ошибки: Контроллер app\controllers\ApiController не найден | Файл: W:\domains\shop\vendor\ishop\core\Router.php | Строка: 36
=================
[2022-03-14 17:07:39] Текст ошибки: Контроллер app\controllers\ApiController не найден | Файл: W:\domains\shop\vendor\ishop\core\Router.php | Строка: 36
=================
[2022-03-14 17:19:05] Текст ошибки: Контроллер app\controllers\api\UserController не найден | Файл: W:\domains\shop\vendor\ishop\core\Router.php | Строка: 36
=================
[2022-03-14 17:24:02] Текст ошибки: Контроллер app\controllers\ApiController не найден | Файл: W:\domains\shop\vendor\ishop\core\Router.php | Строка: 36
=================
[2022-03-14 17:25:38] Текст ошибки: Контроллер app\controllers\ApiController не найден | Файл: W:\domains\shop\vendor\ishop\core\Router.php | Строка: 36
=================
[2022-03-14 17:26:19] Текст ошибки: Контроллер app\controllers\ApiController не найден | Файл: W:\domains\shop\vendor\ishop\core\Router.php | Строка: 36
=================
[2022-03-14 17:26:20] Текст ошибки: Контроллер app\controllers\ApiController не найден | Файл: W:\domains\shop\vendor\ishop\core\Router.php | Строка: 36
=================
[2022-03-14 17:27:06] Текст ошибки: Метод app\controllers\UsersController::indexAction не найден | Файл: W:\domains\shop\vendor\ishop\core\Router.php | Строка: 33
=================
[2022-03-14 17:28:44] Текст ошибки: На найден вид W:\domains\shop/app/views/Users/index.php | Файл: W:\domains\shop\vendor\ishop\core\base\View.php | Строка: 38
=================
[2022-03-14 17:28:44] Текст ошибки: На найден вид W:\domains\shop/app/views/Users/index.php | Файл: W:\domains\shop\vendor\ishop\core\base\View.php | Строка: 38
=================
[2022-03-14 17:29:26] Текст ошибки: На найден вид W:\domains\shop/app/views/Users/index.php | Файл: W:\domains\shop\vendor\ishop\core\base\View.php | Строка: 38
=================
[2022-03-14 17:30:00] Текст ошибки: Метод app\controllers\UsersController::loginAction не найден | Файл: W:\domains\shop\vendor\ishop\core\Router.php | Строка: 33
=================
[2022-03-14 17:30:29] Текст ошибки: На найден вид W:\domains\shop/app/views/Users/index.php | Файл: W:\domains\shop\vendor\ishop\core\base\View.php | Строка: 38
=================
[2022-03-14 17:32:48] Текст ошибки: На найден вид W:\domains\shop/app/views/Users/index.php | Файл: W:\domains\shop\vendor\ishop\core\base\View.php | Строка: 38
=================
[2022-03-14 17:32:49] Текст ошибки: На найден вид W:\domains\shop/app/views/Users/index.php | Файл: W:\domains\shop\vendor\ishop\core\base\View.php | Строка: 38
=================
[2022-03-14 17:32:49] Текст ошибки: На найден вид W:\domains\shop/app/views/Users/index.php | Файл: W:\domains\shop\vendor\ishop\core\base\View.php | Строка: 38
=================
[2022-03-14 17:32:50] Текст ошибки: На найден вид W:\domains\shop/app/views/Users/index.php | Файл: W:\domains\shop\vendor\ishop\core\base\View.php | Строка: 38
=================
[2022-03-14 17:32:50] Текст ошибки: На найден вид W:\domains\shop/app/views/Users/index.php | Файл: W:\domains\shop\vendor\ishop\core\base\View.php | Строка: 38
=================
[2022-03-14 17:32:50] Текст ошибки: На найден вид W:\domains\shop/app/views/Users/index.php | Файл: W:\domains\shop\vendor\ishop\core\base\View.php | Строка: 38
=================
[2022-03-14 17:33:07] Текст ошибки: На найден вид W:\domains\shop/app/views/Users/index.php | Файл: W:\domains\shop\vendor\ishop\core\base\View.php | Строка: 38
=================
[2022-03-14 17:33:07] Текст ошибки: На найден вид W:\domains\shop/app/views/Users/index.php | Файл: W:\domains\shop\vendor\ishop\core\base\View.php | Строка: 38
=================
[2022-03-14 17:33:08] Текст ошибки: На найден вид W:\domains\shop/app/views/Users/index.php | Файл: W:\domains\shop\vendor\ishop\core\base\View.php | Строка: 38
=================
[2022-03-14 17:33:08] Текст ошибки: На найден вид W:\domains\shop/app/views/Users/index.php | Файл: W:\domains\shop\vendor\ishop\core\base\View.php | Строка: 38
=================
[2022-03-14 17:33:08] Текст ошибки: На найден вид W:\domains\shop/app/views/Users/index.php | Файл: W:\domains\shop\vendor\ishop\core\base\View.php | Строка: 38
=================
[2022-03-14 17:33:08] Текст ошибки: На найден вид W:\domains\shop/app/views/Users/index.php | Файл: W:\domains\shop\vendor\ishop\core\base\View.php | Строка: 38
=================
[2022-03-14 17:33:08] Текст ошибки: На найден вид W:\domains\shop/app/views/Users/index.php | Файл: W:\domains\shop\vendor\ishop\core\base\View.php | Строка: 38
=================
[2022-03-14 17:33:09] Текст ошибки: На найден вид W:\domains\shop/app/views/Users/index.php | Файл: W:\domains\shop\vendor\ishop\core\base\View.php | Строка: 38
=================
[2022-03-14 17:33:09] Текст ошибки: На найден вид W:\domains\shop/app/views/Users/index.php | Файл: W:\domains\shop\vendor\ishop\core\base\View.php | Строка: 38
=================
[2022-03-14 17:33:09] Текст ошибки: На найден вид W:\domains\shop/app/views/Users/index.php | Файл: W:\domains\shop\vendor\ishop\core\base\View.php | Строка: 38
=================
[2022-03-14 17:33:09] Текст ошибки: На найден вид W:\domains\shop/app/views/Users/index.php | Файл: W:\domains\shop\vendor\ishop\core\base\View.php | Строка: 38
=================
[2022-03-14 17:33:09] Текст ошибки: На найден вид W:\domains\shop/app/views/Users/index.php | Файл: W:\domains\shop\vendor\ishop\core\base\View.php | Строка: 38
=================
[2022-03-14 17:33:09] Текст ошибки: На найден вид W:\domains\shop/app/views/Users/index.php | Файл: W:\domains\shop\vendor\ishop\core\base\View.php | Строка: 38
=================
[2022-03-14 17:33:10] Текст ошибки: На найден вид W:\domains\shop/app/views/Users/index.php | Файл: W:\domains\shop\vendor\ishop\core\base\View.php | Строка: 38
=================
[2022-03-14 17:33:10] Текст ошибки: На найден вид W:\domains\shop/app/views/Users/index.php | Файл: W:\domains\shop\vendor\ishop\core\base\View.php | Строка: 38
=================
[2022-03-14 17:33:10] Текст ошибки: На найден вид W:\domains\shop/app/views/Users/index.php | Файл: W:\domains\shop\vendor\ishop\core\base\View.php | Строка: 38
=================
[2022-03-14 17:33:25] Текст ошибки: На найден вид W:\domains\shop/app/views/Users/index.php | Файл: W:\domains\shop\vendor\ishop\core\base\View.php | Строка: 38
=================
[2022-03-14 17:33:53] Текст ошибки: На найден вид W:\domains\shop/app/views/Users/index.php | Файл: W:\domains\shop\vendor\ishop\core\base\View.php | Строка: 38
=================
[2022-03-14 17:34:11] Текст ошибки: На найден вид W:\domains\shop/app/views/Users/index.php | Файл: W:\domains\shop\vendor\ishop\core\base\View.php | Строка: 38
=================
[2022-03-14 17:34:12] Текст ошибки: На найден вид W:\domains\shop/app/views/Users/index.php | Файл: W:\domains\shop\vendor\ishop\core\base\View.php | Строка: 38
=================
[2022-03-14 17:34:12] Текст ошибки: На найден вид W:\domains\shop/app/views/Users/index.php | Файл: W:\domains\shop\vendor\ishop\core\base\View.php | Строка: 38
=================
[2022-03-14 17:34:12] Текст ошибки: На найден вид W:\domains\shop/app/views/Users/index.php | Файл: W:\domains\shop\vendor\ishop\core\base\View.php | Строка: 38
=================
[2022-03-14 17:34:12] Текст ошибки: На найден вид W:\domains\shop/app/views/Users/index.php | Файл: W:\domains\shop\vendor\ishop\core\base\View.php | Строка: 38
=================
[2022-03-14 17:34:12] Текст ошибки: На найден вид W:\domains\shop/app/views/Users/index.php | Файл: W:\domains\shop\vendor\ishop\core\base\View.php | Строка: 38
=================
[2022-03-14 17:34:12] Текст ошибки: На найден вид W:\domains\shop/app/views/Users/index.php | Файл: W:\domains\shop\vendor\ishop\core\base\View.php | Строка: 38
=================
[2022-03-14 17:34:13] Текст ошибки: На найден вид W:\domains\shop/app/views/Users/index.php | Файл: W:\domains\shop\vendor\ishop\core\base\View.php | Строка: 38
=================
[2022-03-14 17:34:13] Текст ошибки: На найден вид W:\domains\shop/app/views/Users/index.php | Файл: W:\domains\shop\vendor\ishop\core\base\View.php | Строка: 38
=================
[2022-03-14 17:34:18] Текст ошибки: На найден вид W:\domains\shop/app/views/Users/index.php | Файл: W:\domains\shop\vendor\ishop\core\base\View.php | Строка: 38
=================
[2022-03-14 17:34:25] Текст ошибки: На найден вид W:\domains\shop/app/views/Users/index.php | Файл: W:\domains\shop\vendor\ishop\core\base\View.php | Строка: 38
=================
[2022-03-14 17:34:25] Текст ошибки: На найден вид W:\domains\shop/app/views/Users/index.php | Файл: W:\domains\shop\vendor\ishop\core\base\View.php | Строка: 38
=================
[2022-03-14 17:34:26] Текст ошибки: На найден вид W:\domains\shop/app/views/Users/index.php | Файл: W:\domains\shop\vendor\ishop\core\base\View.php | Строка: 38
=================
[2022-03-14 17:34:47] Текст ошибки: На найден вид W:\domains\shop/app/views/Users/index.php | Файл: W:\domains\shop\vendor\ishop\core\base\View.php | Строка: 38
=================
[2022-03-14 17:34:49] Текст ошибки: На найден вид W:\domains\shop/app/views/Users/index.php | Файл: W:\domains\shop\vendor\ishop\core\base\View.php | Строка: 38
=================
[2022-03-14 17:34:49] Текст ошибки: На найден вид W:\domains\shop/app/views/Users/index.php | Файл: W:\domains\shop\vendor\ishop\core\base\View.php | Строка: 38
=================
[2022-03-14 17:38:53] Текст ошибки: На найден вид W:\domains\shop/app/views/Users/index.php | Файл: W:\domains\shop\vendor\ishop\core\base\View.php | Строка: 38
=================
[2022-03-14 17:38:54] Текст ошибки: На найден вид W:\domains\shop/app/views/Users/index.php | Файл: W:\domains\shop\vendor\ishop\core\base\View.php | Строка: 38
=================
[2022-03-14 17:38:54] Текст ошибки: На найден вид W:\domains\shop/app/views/Users/index.php | Файл: W:\domains\shop\vendor\ishop\core\base\View.php | Строка: 38
=================
[2022-03-14 17:38:54] Текст ошибки: На найден вид W:\domains\shop/app/views/Users/index.php | Файл: W:\domains\shop\vendor\ishop\core\base\View.php | Строка: 38
=================
[2022-03-14 17:38:55] Текст ошибки: На найден вид W:\domains\shop/app/views/Users/index.php | Файл: W:\domains\shop\vendor\ishop\core\base\View.php | Строка: 38
=================
[2022-03-14 17:42:35] Текст ошибки: На найден вид W:\domains\shop/app/views/Users/index.php | Файл: W:\domains\shop\vendor\ishop\core\base\View.php | Строка: 38
=================
[2022-03-14 17:42:36] Текст ошибки: На найден вид W:\domains\shop/app/views/Users/index.php | Файл: W:\domains\shop\vendor\ishop\core\base\View.php | Строка: 38
=================
[2022-03-14 17:42:36] Текст ошибки: На найден вид W:\domains\shop/app/views/Users/index.php | Файл: W:\domains\shop\vendor\ishop\core\base\View.php | Строка: 38
=================
[2022-03-14 17:42:36] Текст ошибки: На найден вид W:\domains\shop/app/views/Users/index.php | Файл: W:\domains\shop\vendor\ishop\core\base\View.php | Строка: 38
=================
[2022-03-14 17:42:36] Текст ошибки: На найден вид W:\domains\shop/app/views/Users/index.php | Файл: W:\domains\shop\vendor\ishop\core\base\View.php | Строка: 38
=================
[2022-03-14 17:42:37] Текст ошибки: На найден вид W:\domains\shop/app/views/Users/index.php | Файл: W:\domains\shop\vendor\ishop\core\base\View.php | Строка: 38
=================
[2022-03-14 17:42:37] Текст ошибки: На найден вид W:\domains\shop/app/views/Users/index.php | Файл: W:\domains\shop\vendor\ishop\core\base\View.php | Строка: 38
=================
[2022-03-14 17:42:37] Текст ошибки: На найден вид W:\domains\shop/app/views/Users/index.php | Файл: W:\domains\shop\vendor\ishop\core\base\View.php | Строка: 38
=================
[2022-03-14 17:42:37] Текст ошибки: На найден вид W:\domains\shop/app/views/Users/index.php | Файл: W:\domains\shop\vendor\ishop\core\base\View.php | Строка: 38
=================
[2022-03-14 17:42:38] Текст ошибки: На найден вид W:\domains\shop/app/views/Users/index.php | Файл: W:\domains\shop\vendor\ishop\core\base\View.php | Строка: 38
=================
[2022-03-14 17:42:39] Текст ошибки: На найден вид W:\domains\shop/app/views/Users/index.php | Файл: W:\domains\shop\vendor\ishop\core\base\View.php | Строка: 38
=================
[2022-03-14 17:43:08] Текст ошибки: На найден вид W:\domains\shop/app/views/Users/index.php | Файл: W:\domains\shop\vendor\ishop\core\base\View.php | Строка: 38
=================
[2022-03-14 17:43:21] Текст ошибки: На найден вид W:\domains\shop/app/views/Users/index.php | Файл: W:\domains\shop\vendor\ishop\core\base\View.php | Строка: 38
=================
[2022-03-14 17:43:22] Текст ошибки: На найден вид W:\domains\shop/app/views/Users/index.php | Файл: W:\domains\shop\vendor\ishop\core\base\View.php | Строка: 38
=================
[2022-03-14 17:43:22] Текст ошибки: На найден вид W:\domains\shop/app/views/Users/index.php | Файл: W:\domains\shop\vendor\ishop\core\base\View.php | Строка: 38
=================
[2022-03-14 17:43:40] Текст ошибки: На найден вид W:\domains\shop/app/views/Users/index.php | Файл: W:\domains\shop\vendor\ishop\core\base\View.php | Строка: 38
=================
[2022-03-14 17:44:09] Текст ошибки: На найден вид W:\domains\shop/app/views/Users/index.php | Файл: W:\domains\shop\vendor\ishop\core\base\View.php | Строка: 38
=================
[2022-03-14 17:44:09] Текст ошибки: На найден вид W:\domains\shop/app/views/Users/index.php | Файл: W:\domains\shop\vendor\ishop\core\base\View.php | Строка: 38
=================
[2022-03-14 17:44:10] Текст ошибки: На найден вид W:\domains\shop/app/views/Users/index.php | Файл: W:\domains\shop\vendor\ishop\core\base\View.php | Строка: 38
=================
[2022-03-14 18:05:23] Текст ошибки: Контроллер app\controllers\ApiController не найден | Файл: W:\domains\shop\vendor\ishop\core\Router.php | Строка: 36
=================
[2022-03-14 18:05:23] Текст ошибки: Страница не найдена | Файл: W:\domains\shop\vendor\ishop\core\Router.php | Строка: 39
=================
[2022-03-14 18:22:01] Текст ошибки: Контроллер app\controllers\ApiController не найден | Файл: W:\domains\shop\vendor\ishop\core\Router.php | Строка: 36
=================
[2022-03-14 18:22:01] Текст ошибки: Страница не найдена | Файл: W:\domains\shop\vendor\ishop\core\Router.php | Строка: 39
=================
[2022-03-14 18:22:10] Текст ошибки: Контроллер app\controllers\LoginController не найден | Файл: W:\domains\shop\vendor\ishop\core\Router.php | Строка: 36
=================
